C51 COMPILER V9.60.7.0   CHARGE_HANDLE                                                     07/16/2025 16:47:30 PAGE 1   


C51 COMPILER V9.60.7.0, COMPILATION OF MODULE CHARGE_HANDLE
OBJECT MODULE PLACED IN .\Release\Objects\charge_handle.obj
COMPILER INVOKED BY: C:\Keil_v5\C51\BIN\C51.EXE ..\..\User\charge_handle.c LARGE OPTIMIZE(8,SPEED) BROWSE INTVECTOR(0X00
                    -0C) INCDIR(..\..\Libraries\Include;..\..\User;..\..\Hardware) INTERVAL(3) DEBUG OBJECTEXTEND PRINT(.\Release\Listings\ch
                    -arge_handle.lst) OBJECT(.\Release\Objects\charge_handle.obj)

line level    source

   1          #include "charge_handle.h"
   2          
   3          // volatile u8 cur_charge_status = CUR_CHARGE_STATUS_NONE;
   4          
   5          #include "my_debug.h"
   6          
   7          #define MIN_PWM_DUTY_IN_LOW_POWER (8)      // å¿«æ»¡ç”µè€Œé™ä½å……ç”µåŠŸç‡æ—¶ï¼Œæœ€ä½çš„å ç©ºæ¯”ï¼Œå•
             -ä½ï¼š1%
   8          #define MIN_PWM_DUTY_IN_TRICKLE_CHARGE (5) // æ¶“æµå……ç”µæ—¶ï¼Œæœ€ä½çš„å ç©ºæ¯”ï¼Œå•ä½ï¼š1%
   9          
  10          // å……ç”µæ§åˆ¶
  11          void charge_handle(void)
  12          {  
  13   1          if (flag_is_charging_adjust_time_come) // ä¸€å®šè¦åŠ å…¥ç¼“æ…¢è°ƒèŠ‚ï¼Œä¸èƒ½è¿…é€Ÿè°ƒèŠ‚ï¼Œå¦åˆ™ä¼š
             -ç­‰ä¸åˆ°ç”µå‹ç¨³å®š
  14   1          {
  15   2              u16 current = 0; // å……ç”µç”µæµï¼Œå•ä½ï¼šmA
  16   2              // u16 voltage_of_charging = 0; // å……ç”µç”µå‹ï¼Œå•ä½ï¼šmV
  17   2              u16 voltage_of_bat = 0; // ç”µæ± ç”µå‹
  18   2              u32 power = 0;          // åŠŸç‡ï¼Œå•ä½ï¼šmW æ¯«ç“¦
  19   2              static u8 pwm_duty = 0; //
  20   2              u16 pwm_reg = 0;        // å­˜æ”¾è¦å†™å…¥åˆ°å¯„å­˜å™¨ä¸­çš„å ç©ºæ¯”å€¼
  21   2      
  22   2              u16 expected_power = 0; // æœŸæœ›åŠŸç‡
  23   2              // u16 limited_current = 0;
  24   2      
  25   2              // static u16 real_bat_adc_val = 0;
  26   2      
  27   2              flag_is_charging_adjust_time_come = 0; // æ¸…é™¤æ ‡å¿—ä½
  28   2      
  29   2              // å¦‚æœå½“å‰æ²¡æœ‰åœ¨å……ç”µ
  30   2              if (CUR_CHARGE_PHASE_NONE == cur_charge_phase)
  31   2              {
  32   3                  adc_sel_ref_voltage(ADC_REF_2_0_VOL); // 2Vå‚è€ƒç”µå‹
  33   3                  adc_sel_pin(ADC_PIN_DETECT_CHARGE);
  34   3                  charging_adc_val = adc_getval();
  35   3      
  36   3                  // å¦‚æœå……ç”µè¾“å…¥ç”µå‹å¤§äº4.9Vï¼Œä½¿èƒ½å……ç”µ
  37   3                  if (charging_adc_val >= (u16)((u32)4900 * 4096 / 11 / 2 / 1000))
  38   3                  {
  39   4                      cur_charge_phase = CUR_CHARGE_PHASE_TRICKLE_CHARGE; // åˆšè¿›å…¥å……ç”µï¼Œé»˜è®¤æ˜¯ç”µæ± ç”
             -µé‡ä½å¯¹åº”çš„æ¶“æµå……ç”µ
  40   4                  }
  41   3      
  42   3                  // adc_sel_pin(ADC_PIN_DETECT_BATTERY);
  43   3                  // bat_adc_val = adc_getval();
  44   3                  // if (bat_adc_val >= (u16)((u32)(3600 - 50) * 4096 / 2 / 2 / 1000))
  45   3                  // {
  46   3                  //     // æ£€æµ‹åˆ°ç”µæ± ç”µå‹å¤§äº3.6 - 0.05V
  47   3                  //     // ä¸ä½¿èƒ½å……ç”µ
  48   3                  //     cur_charge_phase = CUR_CHARGE_PHASE_NONE;
  49   3                  // }
  50   3      
C51 COMPILER V9.60.7.0   CHARGE_HANDLE                                                     07/16/2025 16:47:30 PAGE 2   

  51   3                  // å¦‚æœå……ç”µç”µå‹æœªæ»¡è¶³ä½¿èƒ½å……ç”µçš„æ¡ä»¶ï¼Œä¼šè¿›å…¥ä¸‹é¢çš„è¯­å¥å—
  52   3                  if (CUR_CHARGE_PHASE_NONE == cur_charge_phase)
  53   3                  {
  54   4                      return;
  55   4                  }
  56   3              }
  57   2              else
  58   2              {
  59   3                  // å¦‚æœå½“å‰åœ¨å……ç”µ
  60   3                  adc_sel_ref_voltage(ADC_REF_3_0_VOL); // 3Vå‚è€ƒç”µå‹
  61   3                  adc_sel_pin(ADC_PIN_DETECT_CHARGE);
  62   3                  charging_adc_val = adc_getval();
  63   3      
  64   3                  // å¦‚æœå……ç”µç”µå‹è¿‡å¤§ï¼ŒPWMç™¾åˆ†æ¯”è®¾ç½®ä¸º0ï¼Œç­‰åˆ°ç”µå‹å˜å°æ‰æ‰“å¼€
  65   3                  // if (charging_adc_val >= (u16)((u32)30000 * 4096 / 11 / 3 / 1000)) // å……ç”µç”µå‹è¶…è¿‡30V
  66   3                  if (charging_adc_val >= (u16)((u32)28000 * 4096 / 11 / 3 / 1000)) // å……ç”µç”µå‹è¶…è¿‡ xx V
  67   3                  {
  68   4                      pwm_reg = 0;
  69   4                      TMR1_PWMH = (pwm_reg >> 8) & 0xFF;
  70   4                      TMR1_PWML = pwm_reg & 0xFF;
  71   4                      return;
  72   4                  }
  73   3      
  74   3                  // å¦‚æœå……ç”µè¾“å…¥ç”µå‹å°äº4Vï¼Œæ–­å¼€å……ç”µ
  75   3                  if (charging_adc_val <= (u16)((u32)4000 * 4096 / 11 / 3 / 1000))
  76   3                  {
  77   4                      pwm_reg = 0;
  78   4                      TMR1_PWMH = (pwm_reg >> 8) & 0xFF;
  79   4                      TMR1_PWML = pwm_reg & 0xFF;
  80   4                      timer1_pwm_disable();
  81   4      
  82   4                      cur_charge_phase = CUR_CHARGE_PHASE_NONE;
  83   4                      cur_charging_pwm_status = CUR_CHARGING_PWM_STATUS_NONE;
  84   4                      return;
  85   4                  }
  86   3      
  87   3                  // å¦‚æœå·²ç»å……æ»¡ç”µï¼Œç›´æ¥é€€å‡º
  88   3                  if (CUR_CHARGE_PHASE_FULLY_CHARGE == cur_charge_phase)
  89   3                  {
  90   4                      return;
  91   4                  }
  92   3      
  93   3                  // å¯èƒ½æ˜¯å¯¹åº”çš„MOSç®¡æœªä½¿èƒ½ï¼Œå¯¼è‡´å……ç”µç”µæµå°ï¼Œä¸æ˜¯æ¶“æµå……ç”µï¼š
  94   3                  // if (charging_adc_val <= (u16)((u32)4900 * 4096 / 11 / 3 / 1000)) // å°äº4.9Vï¼Œè¿›è¡Œæ¶“æ
             -µå……ç”µ
  95   3                  // {
  96   3                  //     pwm_reg = (u32)TIMER1_LOW_FEQ_PEROID_VAL * 13 / 100; // æœ€ç»ˆçš„å ç©ºæ¯”å€¼
  97   3                  //     TMR1_PWMH = (pwm_reg >> 8) & 0xFF;
  98   3                  //     TMR1_PWML = pwm_reg & 0xFF;
  99   3                  //     timer1_set_pwm_low_feq();
 100   3                  //     cur_charging_pwm_status = CUR_CHARGING_PWM_STATUS_LOW_FEQ;
 101   3                  //     return;
 102   3                  // }
 103   3              }
 104   2      
 105   2              // è¿›å…¥åˆ°è¿™é‡Œï¼Œè¯´æ˜æ­£åœ¨å……ç”µï¼Œä¸”å……ç”µç”µå‹åœ¨ 4V~30Vä¹‹é—´ï¼Œä¸åŒ…æ‹¬4Vå’Œ30V
 106   2      
 107   2              // æ£€æµ‹ç”µæ± ç”µå‹ï¼Œä½¿ç”¨å†…éƒ¨2.0Vå‚è€ƒç”µå‹
 108   2              adc_sel_ref_voltage(ADC_REF_2_0_VOL);
 109   2              adc_sel_pin(ADC_PIN_DETECT_BATTERY);
 110   2              bat_adc_val = adc_getval();
 111   2      
C51 COMPILER V9.60.7.0   CHARGE_HANDLE                                                     07/16/2025 16:47:30 PAGE 3   

 112   2              // åˆšè¿›å…¥å……ç”µï¼Œä¼šè¿›å…¥ä¸‹é¢è¿™ä¸ªè¯­å¥å—ï¼š
 113   2              if (CUR_CHARGE_PHASE_TRICKLE_CHARGE == cur_charge_phase)
 114   2              {
 115   3                  // å¦‚æœç”µæ± ç”µå‹å°äº2.7Vï¼Œè¿›è¡Œæ¶“æµå……ç”µ
 116   3                  if (bat_adc_val <= (u16)((u32)2700 * 4096 / 2 / 2 / 1000))
 117   3                  {
 118   4                      if (CUR_CHARGING_PWM_STATUS_LOW_FEQ != cur_charging_pwm_status)
 119   4                      {
 120   5                          pwm_reg = (u32)TIMER1_LOW_FEQ_PEROID_VAL * 13 / 100; // æœ€ç»ˆçš„å ç©ºæ¯”å€¼
 121   5                          TMR1_PWMH = (pwm_reg >> 8) & 0xFF;
 122   5                          TMR1_PWML = pwm_reg & 0xFF;
 123   5                          timer1_set_pwm_low_feq();
 124   5                          cur_charging_pwm_status = CUR_CHARGING_PWM_STATUS_LOW_FEQ;
 125   5                      }
 126   4      
 127   4                      return;
 128   4                  }
 129   3      
 130   3                  // å¦‚æœç”µæ± ç”µå‹ä¸å°äº2.7Vï¼Œè¿›è¡Œæ­£å¸¸å……ç”µ
 131   3                  cur_charge_phase = CUR_CHARGE_PHASE_NORMAL_CHARGE;
 132   3              }
 133   2      
 134   2              // TODO:
 135   2              // ç”µæ± ç”µå‹å¤§äº xx Vï¼Œä»æ­£å¸¸å……ç”µå˜ä¸ºæ¶“æµå……ç”µ
 136   2              // if ((bat_adc_val >= (u16)((u32)3400 * 4096 / 2 / 2 / 1000)) &&
 137   2              //     (CUR_CHARGE_PHASE_TRICKLE_CHARGE_WHEN_APPROACH_FULLY_CHARGE != cur_charge_phase))
 138   2              // if ((bat_adc_val >= (u16)((u32)(3500 + 100) * 4096 / 2 / 2 / 1000)) && /* 3500 + 100 æ¯«ä¼ï¼Œå
             -®é™…æµ‹è¯•åœ¨ ç”µæ± ç”µå‹3.56Vï¼Œå•ç‰‡æœºæ£€æµ‹è„š1.81Véƒ½æ²¡æœ‰è¿›å…¥*/
 139   2              //     (CUR_CHARGE_PHASE_TRICKLE_CHARGE_WHEN_APPROACH_FULLY_CHARGE != cur_charge_phase))
 140   2              if ((bat_adc_val >= (u16)((u32)(3500 + 50 + 20) * 4096 / 2 / 2 / 1000)) && /* xxx æ¯«ä¼ï¼Œå®é™…æ
             -µ‹è¯•åœ¨ */
 141   2                  (CUR_CHARGE_PHASE_TRICKLE_CHARGE_WHEN_APPROACH_FULLY_CHARGE != cur_charge_phase))
 142   2              // if ((bat_adc_val >= (u16)((u32)(3600 + 50) * 4096 / 2 / 2 / 1000)) &&
 143   2              //     (CUR_CHARGE_PHASE_TRICKLE_CHARGE_WHEN_APPROACH_FULLY_CHARGE != cur_charge_phase))
 144   2              {
 145   3      
 146   3      #if 0
                          pwm_duty = 0;
                          pwm_reg = (u32)TIMER1_HIGH_FEQ_PEROID_VAL * 0 / 100; // å¯„å­˜å™¨å­˜æ”¾çš„å ç©ºæ¯”å€¼
                          TMR1_PWMH = (pwm_reg >> 8) & 0xFF;
                          TMR1_PWML = pwm_reg & 0xFF;
              #endif
 152   3      
 153   3                  cur_charge_phase = CUR_CHARGE_PHASE_TRICKLE_CHARGE_WHEN_APPROACH_FULLY_CHARGE;
 154   3              }
 155   2      
 156   2              // å¦‚æœå……ç”µé˜¶æ®µå·²ç»åˆ°äº†ç”µæ± æ¥è¿‘æ»¡ç”µçš„é˜¶æ®µ
 157   2              if (CUR_CHARGE_PHASE_TRICKLE_CHARGE_WHEN_APPROACH_FULLY_CHARGE == cur_charge_phase)
 158   2              {
 159   3                  static u8 fully_charge_cnt = 0;
 160   3      
 161   3                  adc_sel_ref_voltage(ADC_REF_3_0_VOL);
 162   3                  adc_sel_pin(ADC_PIN_DETECT_CURRENT);
 163   3                  current_adc_val = adc_getval();
 164   3                  current = (u32)current_adc_val * 3 * 1000 * (1000 / 5) / 4096 / 76; //
 165   3      
 166   3                  // if (bat_adc_val < (u16)((u32)(3500) * 4096 / 2 / 2 / 1000))
 167   3                  // {
 168   3                  //     if (current > 2000) // è®¡ç®—å‡ºæ¥æ˜¯2Aæ’æµå……ç”µ
 169   3                  //     {
 170   3                  //         if (pwm_duty > 0)
 171   3                  //         {
C51 COMPILER V9.60.7.0   CHARGE_HANDLE                                                     07/16/2025 16:47:30 PAGE 4   

 172   3                  //             pwm_duty--;
 173   3                  //         }
 174   3                  //     }
 175   3                  //     else if (current < 2000)
 176   3                  //     {
 177   3                  //         if (pwm_duty < 100) // 100%å ç©ºæ¯”
 178   3                  //         {
 179   3                  //             pwm_duty++;
 180   3                  //         }
 181   3                  //     }
 182   3                  // }
 183   3                  // else // ç”µæ± ç”µå‹å¤§äº 3.5 V
 184   3                  {
 185   4                      if (current > 300)
 186   4                      {
 187   5                          if (pwm_duty > MIN_PWM_DUTY_IN_TRICKLE_CHARGE)
 188   5                          {
 189   6                              pwm_duty--;
 190   6                          }
 191   5                      }
 192   4                      else if (current < 300)
 193   4                      {
 194   5                          if (pwm_duty < 100) // 100%å ç©ºæ¯”
 195   5                          {
 196   6                              pwm_duty++;
 197   6                          }
 198   5                      }
 199   4                  }
 200   3      
 201   3                  if (bat_adc_val < (u16)((u32)(3500 + 50) * 4096 / 2 / 2 / 1000)) // å¦‚æœç”µæ± ç”µå‹å°äº3.
             -5V
 202   3                  {
 203   4                      fully_charge_cnt = 0;
 204   4                      cur_charge_phase = CUR_CHARGE_PHASE_NORMAL_CHARGE; // å›åˆ°æ­£å¸¸å……ç”µè°ƒèŠ‚
 205   4                      // return;
 206   4                  }
 207   3      
 208   3                  // if (bat_adc_val >= (u16)((u32)(3600 + 150) * 4096 / 2 / 2 / 1000))
 209   3                  if (bat_adc_val >= (u16)((u32)(3600 + 50) * 4096 / 2 / 2 / 1000))
 210   3                  {
 211   4      
 212   4                      fully_charge_cnt++;
 213   4      
 214   4                      pwm_duty = MIN_PWM_DUTY_IN_TRICKLE_CHARGE;
 215   4                      if (fully_charge_cnt >= 10)
 216   4                      {
 217   5                          fully_charge_cnt = 0;
 218   5                          pwm_reg = 0;
 219   5                          TMR1_PWMH = (pwm_reg >> 8) & 0xFF;
 220   5                          TMR1_PWML = pwm_reg & 0xFF;
 221   5                          timer1_pwm_disable();                             // å·²ç»å……æ»¡ç”µï¼Œæ–­å¼€æ§åˆ¶å……
             -ç”µçš„PWM
 222   5                          cur_charge_phase = CUR_CHARGE_PHASE_FULLY_CHARGE; // è¡¨ç¤ºå·²ç»å……æ»¡ç”µï¼Œæ¥ä¸‹æ¥
             -éœ€è¦ç­‰å……ç”µç”µå‹ä½äº4.0V
 223   5                          cur_charging_pwm_status = CUR_CHARGING_PWM_STATUS_NONE;
 224   5                          return;
 225   5                      }
 226   4      
 227   4                      // real_bat_adc_val = 0; // å¥½åƒå¯ä»¥ä¸åŠ 
 228   4                      // cur_charge_phase = CUR_CHARGE_PHASE_FULLY_CHARGE; // è¡¨ç¤ºå·²ç»å……æ»¡ç”µï¼Œæ¥ä¸‹æ¥é
             -œ€è¦ç­‰å……ç”µç”µå‹ä½äº4.0V
 229   4                      // cur_charging_pwm_status = CUR_CHARGING_PWM_STATUS_NONE;
C51 COMPILER V9.60.7.0   CHARGE_HANDLE                                                     07/16/2025 16:47:30 PAGE 5   

 230   4                      // fully_charge_cnt = 0;
 231   4                  }
 232   3      
 233   3                  pwm_reg = (u32)TIMER1_HIGH_FEQ_PEROID_VAL * pwm_duty / 100; // æœ€ç»ˆçš„å ç©ºæ¯”å€¼
 234   3                  TMR1_PWMH = (pwm_reg >> 8) & 0xFF;
 235   3                  TMR1_PWML = pwm_reg & 0xFF;
 236   3      
 237   3                  return;
 238   3              }
 239   2      
 240   2              // ===================================================================
 241   2              // ä»¥ä¸‹éƒ½æ˜¯æ­£å¸¸å……ç”µå¯¹åº”çš„æ§åˆ¶ç¨‹åºï¼Œcur_charge_phase == CUR_CHARGE_PHASE_NORMAL_CHA
             -RGE
 242   2              // ===================================================================
 243   2      
 244   2              // ä¸æ˜¯æ­£å¸¸å……ç”µï¼Œæå‰è¿”å›
 245   2              if (CUR_CHARGE_PHASE_NORMAL_CHARGE != cur_charge_phase)
 246   2              {
 247   3                  return;
 248   3              }
 249   2      
 250   2              // å¦‚æœPWMæœªåˆ‡æ¢åˆ°é«˜é¢‘
 251   2              if (CUR_CHARGING_PWM_STATUS_HIGH_FRQ != cur_charging_pwm_status)
 252   2              {
 253   3                  pwm_reg = MIN_PWM_DUTY_IN_LOW_POWER;
 254   3                  TMR1_PWMH = (pwm_reg >> 8) & 0xFF;
 255   3                  TMR1_PWML = pwm_reg & 0xFF;
 256   3                  timer1_set_pwm_high_feq();
 257   3                  cur_charging_pwm_status = CUR_CHARGING_PWM_STATUS_HIGH_FRQ;
 258   3              }
 259   2      
 260   2      #if 0
                      // å¦‚æœæœ‰ä¸€æ¬¡ç”µæ± ç”µå‹è¶…è¿‡3.5V
                      // if (bat_adc_val >= (u16)((u32)3500 * 4096 / 2 / 2 / 1000))
                      if (bat_adc_val >= (u16)((u32)3400 * 4096 / 2 / 2 / 1000))
                      {
                          // expected_power = 24000; // å®é™…æµ‹è¯•20Wä¸åˆ°ï¼Œæ¥è¿‘20W
                          // expected_power = 20000; // 
                          // expected_power = 10000; // ç”µæµå¾ˆå¤§
                          // expected_power = 7000; // ç”µæµä¾ç„¶å¾ˆå¤§
                          // expected_power = 5000; // è°ƒèŠ‚åPWMçš„/å ç©ºæ¯”å¤ªå°ï¼Œå¯èƒ½è¿ 1% éƒ½ä¸åˆ°
                          // expected_power = 1000; // ç”µæµå¤ªå°ï¼ŒPWMå ç©ºæ¯”ä¹Ÿå°
              
                          limited_current = 100;
                      }
                      else // å¦‚æœç”µæ± ç”µå‹ä¸è¶…è¿‡ xx V
                      {
                          // if (expected_power != 24000)
                          {
                              // expected_power = 27000; // å®é™…æµ‹è¯•çº¦30W
                              // expected_power = 26500;
                          }
              
                          // limited_current
                      }
              #endif
 285   2      
 286   2              // å¦‚æœç”µæ± ç”µå‹å¤§äº xx Vï¼Œå¼€å§‹é™ä½åŠŸç‡
 287   2              // if (bat_adc_val >= (u16)((u32)3450 * 4096 / 2 / 2 / 1000)) // 3.45Vï¼Œå®é™…æµ‹è¯•æ˜¯åœ¨ 3.38V 
             -é™„è¿‘å¼€å§‹é™ä½åŠŸç‡
 288   2              if (bat_adc_val >= (u16)((u32)(3500 + 50) * 4096 / 2 / 2 / 1000)) // 3.55Vï¼Œå®é™…æµ‹è¯•åœ¨ 3.48V
             - é™„è¿‘å¼€å§‹é™ä½åŠŸç‡
C51 COMPILER V9.60.7.0   CHARGE_HANDLE                                                     07/16/2025 16:47:30 PAGE 6   

 289   2              {
 290   3                  // expected_power = 12000;
 291   3                  // expected_power = 10000; // åŠŸç‡å¤ªé«˜ï¼Œä¼šç›´æ¥è·³åˆ°å……æ»¡ç”µçš„é˜¶æ®µ
 292   3                  expected_power = 5000;
 293   3              }
 294   2              else // å¦‚æœç”µæ± ç”µå‹å°äº xx Vï¼ŒæŒ‰æ­£å¸¸çš„åŠŸç‡è¿›è¡Œå……ç”µ
 295   2              {
 296   3                  expected_power = 26500;
 297   3              }
 298   2      
 299   2              adc_sel_ref_voltage(ADC_REF_3_0_VOL);
 300   2              adc_sel_pin(ADC_PIN_DETECT_CURRENT);
 301   2              current_adc_val = adc_getval();
 302   2      
 303   2              /*
 304   2                  æ£€æµ‹ç”µæµå¼•è„šæ£€æµ‹åˆ°çš„ç”µå‹ == adå€¼ / 4096 * å‚è€ƒç”µå‹
 305   2                  current_adc_val * 3 / 4096
 306   2      
 307   2                  æ£€æµ‹ç”µæµçš„å¼•è„šæ£€æµ‹åˆ°çš„å……ç”µç”µæµ == æ£€æµ‹ç”µæµå¼•è„šæ£€æµ‹åˆ°çš„ç”µå‹ / 110(è¿
             -æ”¾æ”¾å¤§å€æ•°) / 0.005Rï¼Œ
 308   2                  é€æ­¥æ¢æˆå•ç‰‡æœºå¯ä»¥è®¡ç®—çš„å½¢å¼ï¼š
 309   2                  current_adc_val * 3 / 4096 / 110 / 0.005
 310   2                  current_adc_val * 3 / 4096 / 110 * 1000 / 5
 311   2                  current_adc_val * 3 * 1000 / 5 / 4096 / 110
 312   2                  å¾—åˆ°çš„æ˜¯ä»¥Aä¸ºå•ä½çš„ç”µæµï¼Œéœ€è¦å†è½¬æ¢æˆä»¥mAä¸ºå•ä½ï¼š
 313   2                  current_adc_val * 3 * 1000 * 1000 / 5 / 4096 / 110ï¼Œè®¡ç®—ä¼šæº¢å‡ºï¼Œéœ€è¦å†åŒ–ç®€
 314   2                  (u32)current_adc_val * 3 * 1000 * (1000 / 5) / 4096 / 110
 315   2                  current =  (u32)current_adc_val * 3 * 1000 * (1000 / 5) / 4096 / 110;
 316   2              */
 317   2              current = (u32)current_adc_val * 3 * 1000 * (1000 / 5) / 4096 / 76; // è®¡ç®—ç”µæµï¼Œå•ä½ï¼šmA
 318   2      
 319   2              /*
 320   2                  è®¡ç®—å……ç”µç”µå‹
 321   2              */
 322   2              // voltage_of_charging = (u32)charging_adc_val * 3 * 1000 * 11 / 4096;
 323   2              /*
 324   2                  è®¡ç®—ç”µæ± ç”µå‹
 325   2                  ç”µæ± ç”µå‹ï¼ˆmVï¼‰ == é‡‡é›†åˆ°çš„adå€¼ / 4096 * å‚è€ƒç”µå‹ * åˆ†å‹ç³»æ•° * 1000ï¼ˆmVï¼‰
 326   2              */
 327   2              voltage_of_bat = (u32)bat_adc_val * 2 * 1000 * 2 / 4096; // è®¡ç®—ç”µæ± ç”µå‹ï¼Œå•ä½ï¼šmV
 328   2      
 329   2      #if 0
              
                      // if (bat_adc_val >= (u16)((u32)3500 * 4096 / 2 / 2 / 1000))
                      // if (bat_adc_val >= (u16)((u32)3500 * 4096 / 2 / 2 / 1000)) // å®é™…åœ¨ç”µæ± 3.45Vå¼€å§‹å°±è¿›å
             -…¥è¿™é‡Œ
                      if (bat_adc_val >= (u16)((u32)3550 * 4096 / 2 / 2 / 1000)) // å®é™…æµ‹è¯•åœ¨ç”µæ± 3.50Vå·¦å³å¼€å
             -§‹è¿›å…¥
                      {
                          // å¼€å§‹æ¶“æµå……ç”µ
                          // limited_current = 100;
                          // if (current > 100)
                          // if (current > 200) // è¶…è¿‡3.55Vä¹‹åï¼Œå¥½åƒä¼šå……ä¸è¿›ç”µ
                          if (current > 400) //
                          // if (current > 800) //
                          {
                              if (pwm_duty > 0)
                              {
                                  pwm_duty--;
                                  // pwm_duty = 0; // åˆšä»æ­£å¸¸å……ç”µå˜ä¸ºæ¶“æµå……ç”µï¼Œå¦‚æœpwmå ç©ºæ¯”æ²¡æœ‰è¿…
             -é€Ÿè°ƒèŠ‚ï¼Œç”µæ± ç”µå‹æœ‰å¯èƒ½ä¼šç›´æ¥è·³åˆ°3.6Vï¼Œè®¤ä¸ºå……æ»¡ç”µ
                              }
C51 COMPILER V9.60.7.0   CHARGE_HANDLE                                                     07/16/2025 16:47:30 PAGE 7   

                          }
                          // else if (current < 100)
                          // else if (current < 200) // è¶…è¿‡3.55Vä¹‹åï¼Œå¥½åƒä¼šå……ä¸è¿›ç”µ
                          else if (current < 400)
                          // else if (current < 800)
                          {
                              if (pwm_duty < 100) // 100%å ç©ºæ¯”
                              {
                                  pwm_duty++;
                              }
                          }
                      }
                      else // å¦‚æœç”µæ± ç”µå‹ä¸è¶…è¿‡ xx V
              #endif
 361   2              {
 362   3      
 363   3                  // å¦‚æœæ£€æµ‹åˆ°ç”µæµçš„adå€¼å·²ç»çˆ†è¡¨
 364   3                  if (current_adc_val >= 4095)
 365   3                  // if (current >= 5400) // å¦‚æœç”µæµå€¼å·²ç»çˆ†è¡¨ï¼Œè¶…è¿‡å•ç‰‡æœºèƒ½æ£€æµ‹çš„å€¼ï¼ˆç†è
             -®ºå€¼ï¼‰ï¼š5454.54
 366   3                  {
 367   4                      // printf("current overflow\n");
 368   4                      if (pwm_duty > 0)
 369   4                      {
 370   5                          pwm_duty--;
 371   5                      }
 372   4                  }
 373   3                  else //
 374   3                  {
 375   4                      // power = voltage_of_charging * current / 1000; // 1000mV * 1000mA == 1000000 (1 Watt)
 376   4                      // 1000mV * 1000mA == 1000000 (1 Watt)
 377   4                      power = (u32)voltage_of_bat * current / 1000; // è®¡ç®—åŠŸç‡ï¼Œå•ä½ï¼šæ¯«ç“¦
 378   4      
 379   4                      // å‡è®¾å……ç”µæœ‰20%çš„æŸè€—ï¼Œå……ç”µè¾“å‡º30Wï¼Œæµå…¥ç”µæ± 24W
 380   4                      // printf("power %lu \n", power);
 381   4                      // if (power < 30000) // 30 * 1000 mWï¼ˆå®é™…æµ‹å¾—è¿™é‡Œè¦æ¯”30Wè¿˜å¤§ï¼Œæœªè€ƒè™‘ä¸Šå
             -‹é™ï¼‰
 382   4                      // if (power < 27000) // xx * 1000 mWï¼ˆå®é™…æµ‹è¯•çº¦24.6Wï¼‰
 383   4      
 384   4                      // if (power < 26500) // xx * 1000 mW
 385   4      
 386   4                      // if (power < 24000) // xx * 1000 mWï¼ˆå®é™…æµ‹è¯•ä¸åˆ°20Wï¼Œæ¥è¿‘20Wï¼‰
 387   4                      // if (power < 20000) // xx * 1000 mW
 388   4                      // if (power == 0) // è¿™ç§æƒ…å†µæœªè€ƒè™‘
 389   4                      // {
 390   4      
 391   4                      // }
 392   4                      // else if (power < expected_power)
 393   4      
 394   4                      if (power < expected_power)
 395   4                      {
 396   5                          if (pwm_duty < 100) // 100%å ç©ºæ¯”
 397   5                          {
 398   6                              pwm_duty++;
 399   6                          }
 400   5                      }
 401   4                      // else if (power > 30000)
 402   4                      // else if (power > 27000) // ï¼ˆå®é™…æµ‹è¯•çº¦24.6Wï¼‰
 403   4      
 404   4                      // else if (power > 26500) //
 405   4      
 406   4                      // else if (power > 24000) // ï¼ˆå®é™…æµ‹è¯•ä¸åˆ°20Wï¼Œæ¥è¿‘20Wï¼‰
C51 COMPILER V9.60.7.0   CHARGE_HANDLE                                                     07/16/2025 16:47:30 PAGE 8   

 407   4                      // else if (power > 20000)
 408   4      
 409   4                      else if (power > expected_power)
 410   4                      {
 411   5                          if (pwm_duty > MIN_PWM_DUTY_IN_LOW_POWER)
 412   5                          {
 413   6                              pwm_duty--;
 414   6                          }
 415   5                      }
 416   4                      else // power == ç›®æ ‡å€¼ï¼Œä¸åšè°ƒèŠ‚
 417   4                      {
 418   5                      }
 419   4                  }
 420   3              }
 421   2      
 422   2              // printf("pwm_duty : %bu %%\n", pwm_duty);
 423   2              pwm_reg = (u32)TIMER1_HIGH_FEQ_PEROID_VAL * pwm_duty / 100; // æœ€ç»ˆçš„å ç©ºæ¯”å€¼
 424   2      
 425   2              //     // printf("pwm_duty :%u\n", pwm_duty);
 426   2              TMR1_PWMH = (pwm_reg >> 8) & 0xFF;
 427   2              TMR1_PWML = pwm_reg & 0xFF;
 428   2          } 
 429   1      }


MODULE INFORMATION:   STATIC OVERLAYABLE
   CODE SIZE        =    968    ----
   CONSTANT SIZE    =   ----    ----
   XDATA SIZE       =      2      12
   PDATA SIZE       =   ----    ----
   DATA SIZE        =   ----    ----
   IDATA SIZE       =   ----    ----
   BIT SIZE         =   ----    ----
END OF MODULE INFORMATION.


C51 COMPILATION COMPLETE.  0 WARNING(S),  0 ERROR(S)
