C51 COMPILER V9.60.7.0   MY_DEBUG                                                          07/18/2025 15:36:43 PAGE 1   


C51 COMPILER V9.60.7.0, COMPILATION OF MODULE MY_DEBUG
OBJECT MODULE PLACED IN .\Release\Objects\my_debug.obj
COMPILER INVOKED BY: C:\Keil_v5\C51\BIN\C51.EXE ..\..\User\my_debug.c LARGE OPTIMIZE(8,SPEED) BROWSE INTVECTOR(0X000C) I
                    -NCDIR(..\..\Libraries\Include;..\..\User;..\..\Hardware) INTERVAL(3) DEBUG OBJECTEXTEND PRINT(.\Release\Listings\my_debu
                    -g.lst) OBJECT(.\Release\Objects\my_debug.obj)

line level    source

   1          #include "my_debug.h"
   2          
   3          void my_debug_led_config(void)
   4          {
   5   1          // 公共端 COM
   6   1          P2_MD1 &= ~GPIO_P27_MODE_SEL(0x03);
   7   1          P2_MD1 |= GPIO_P27_MODE_SEL(0x01);
   8   1          FOUT_S27 = GPIO_FOUT_AF_FUNC;
   9   1          P27 = 0; // 固定输出低电平
  10   1      
  11   1          // LED1
  12   1          P0_MD0 &= ~GPIO_P03_MODE_SEL(0x03);
  13   1          P0_MD0 |= GPIO_P03_MODE_SEL(0x01);
  14   1          FOUT_S03 = GPIO_FOUT_AF_FUNC;
  15   1          P03 = 0;
  16   1      
  17   1          // LED2
  18   1          P3_MD0 &= ~GPIO_P30_MODE_SEL(0x03);
  19   1          P3_MD0 |= GPIO_P30_MODE_SEL(0x01);
  20   1          FOUT_S03 = GPIO_FOUT_AF_FUNC;
  21   1          P30 = 0;
  22   1      
  23   1          // LED3
  24   1          P1_MD0 &= ~GPIO_P10_MODE_SEL(0x03);
  25   1          P1_MD0 |= GPIO_P10_MODE_SEL(0x01);
  26   1          FOUT_S10 = GPIO_FOUT_AF_FUNC;
  27   1          P10 = 0;
  28   1      
  29   1          // LED4
  30   1          P0_MD1 &= ~GPIO_P07_MODE_SEL(0x03);
  31   1          P0_MD1 |= GPIO_P07_MODE_SEL(0x01);
  32   1          FOUT_S07 = GPIO_FOUT_AF_FUNC;
  33   1          P07 = 0;
  34   1      }
  35          
  36          void my_debug_led_1_on(void)
  37          {
  38   1          P03 = 1;
  39   1      }
  40          
  41          void my_debug_led_1_off(void)
  42          {
  43   1          P03 = 0;
  44   1      }
  45          
  46          void my_debug_led_2_on(void)
  47          {
  48   1          P30 = 1;
  49   1      }
  50          
  51          void my_debug_led_2_off(void)
  52          {
  53   1          P30 = 0;
C51 COMPILER V9.60.7.0   MY_DEBUG                                                          07/18/2025 15:36:43 PAGE 2   

  54   1      }
  55          
  56          void my_debug_led_3_on(void)
  57          {
  58   1          P10 = 1;
  59   1      }
  60          
  61          void my_debug_led_3_off(void)
  62          {
  63   1          P10 = 0;
  64   1      }
  65          
  66          void my_debug_led_4_on(void)
  67          {
  68   1          P07 = 1;
  69   1      }
  70          
  71          void my_debug_led_4_off(void)
  72          {
  73   1          P07 = 0;
  74   1      }
  75          


MODULE INFORMATION:   STATIC OVERLAYABLE
   CODE SIZE        =    107    ----
   CONSTANT SIZE    =   ----    ----
   XDATA SIZE       =   ----    ----
   PDATA SIZE       =   ----    ----
   DATA SIZE        =   ----    ----
   IDATA SIZE       =   ----    ----
   BIT SIZE         =   ----    ----
END OF MODULE INFORMATION.


C51 COMPILATION COMPLETE.  0 WARNING(S),  0 ERROR(S)
